Active-HDL 10.1.3088.5434  2015-10-29 13:35:58

Elaboration top modules:
Architecture                  behavior(blink)


------------------------------------------------------------------------------------------------
Entity   | Architecture | Library     | Info | Compiler Version          | Compilation Options
------------------------------------------------------------------------------------------------
blink    | behavior     | work        |      | 10.1.3088.5434  (Windows) | -dbg
------------------------------------------------------------------------------------------------

------------------------------------------------------------------------------------------------
Verilog Module          | Library     | Info | Compiler Version          | Compilation Options
------------------------------------------------------------------------------------------------
OSCH                    | ovi_machxo2 |      | 10.1.3088.5434  (Windows) | -vendor lattice -v2k
------------------------------------------------------------------------------------------------

------------------------------------------------------------------------------------------------
VHDL Package            | Library     | Info | Compiler Version          | Compilation Options
------------------------------------------------------------------------------------------------
standard                | std         |      |                           | <unavailable>
TEXTIO                  | std         |      | 10.1.3088.5434  (Windows) |  -2008
std_logic_1164          | ieee        |      | 10.1.3088.5434  (Windows) |  -2008
------------------------------------------------------------------------------------------------

------------------------------------------------------------------------------------------------
Library                 | Comment
------------------------------------------------------------------------------------------------
ieee                    | Standard IEEE packages library
ovi_machxo2             | LATTICE Diamond 3.5, MACHXO2 VERILOG LIBRARY
std                     | Standard VHDL library
work                    | None
------------------------------------------------------------------------------------------------


Simulation Options: vsim +access +r blink -PL pmi_work -L ovi_machxo2


The performance of simulation is reduced. Version Lattice Edition
