--------------------------------------------------------------------------------
Lattice Synthesis Timing Report, Version  
Thu Oct 29 10:00:38 2015

Copyright (c) 1991-1994 by NeoCAD Inc. All rights reserved.
Copyright (c) 1995 AT&T Corp.   All rights reserved.
Copyright (c) 1995-2001 Lucent Technologies Inc.  All rights reserved.
Copyright (c) 2001 Agere Systems   All rights reserved.
Copyright (c) 2002-2015 Lattice Semiconductor Corporation,  All rights reserved.

Report Information
------------------
Design:     blink
Constraint file:  
Report level:    verbose report, limited to 3 items per constraint
--------------------------------------------------------------------------------



================================================================================
Constraint: create_clock -period 5.000000 -name clk0 [get_nets clk]
            832 items scored, 317 timing errors detected.
--------------------------------------------------------------------------------


Error:  The following path violates requirements by 4.568ns

 Logical Details:  Cell type  Pin type       Cell name  (clock net +/-)

   Source:         FD1S3IX    CK             count_24__i6  (from clk +)
   Destination:    FD1S3AX    D              led_15  (to clk +)

   Delay:                   9.435ns  (34.2% logic, 65.8% route), 8 logic levels.

 Constraint Details:

      9.435ns data_path count_24__i6 to led_15 violates
      5.000ns delay constraint less
      0.133ns L_S requirement (totaling 4.867ns) by 4.568ns

 Path Details: count_24__i6 to led_15

   Name    Fanout   Delay (ns)          Pins               Resource(Cell.Net)
L_CO        ---     0.367             CK to Q              count_24__i6 (from clk)
Route         2   e 0.838                                  count[6]
LUT4        ---     0.408              B to Z              i3_3_lut
Route         1   e 0.660                                  n8
LUT4        ---     0.408              C to Z              i1_4_lut
Route         1   e 0.660                                  n6
LUT4        ---     0.408              D to Z              i4_4_lut_adj_1
Route         1   e 0.660                                  n209
LUT4        ---     0.408              A to Z              i88_4_lut
Route         1   e 0.660                                  n187
LUT4        ---     0.408              A to Z              i4_4_lut
Route         1   e 0.660                                  n10
LUT4        ---     0.408              D to Z              i94_4_lut
Route        26   e 1.414                                  n162
LUT4        ---     0.408              B to Z              i1_2_lut
Route         1   e 0.660                                  led_N_52
                  --------
                    9.435  (34.2% logic, 65.8% route), 8 logic levels.


Error:  The following path violates requirements by 4.568ns

 Logical Details:  Cell type  Pin type       Cell name  (clock net +/-)

   Source:         FD1S3IX    CK             count_24__i7  (from clk +)
   Destination:    FD1S3AX    D              led_15  (to clk +)

   Delay:                   9.435ns  (34.2% logic, 65.8% route), 8 logic levels.

 Constraint Details:

      9.435ns data_path count_24__i7 to led_15 violates
      5.000ns delay constraint less
      0.133ns L_S requirement (totaling 4.867ns) by 4.568ns

 Path Details: count_24__i7 to led_15

   Name    Fanout   Delay (ns)          Pins               Resource(Cell.Net)
L_CO        ---     0.367             CK to Q              count_24__i7 (from clk)
Route         2   e 0.838                                  count[7]
LUT4        ---     0.408              C to Z              i3_3_lut
Route         1   e 0.660                                  n8
LUT4        ---     0.408              C to Z              i1_4_lut
Route         1   e 0.660                                  n6
LUT4        ---     0.408              D to Z              i4_4_lut_adj_1
Route         1   e 0.660                                  n209
LUT4        ---     0.408              A to Z              i88_4_lut
Route         1   e 0.660                                  n187
LUT4        ---     0.408              A to Z              i4_4_lut
Route         1   e 0.660                                  n10
LUT4        ---     0.408              D to Z              i94_4_lut
Route        26   e 1.414                                  n162
LUT4        ---     0.408              B to Z              i1_2_lut
Route         1   e 0.660                                  led_N_52
                  --------
                    9.435  (34.2% logic, 65.8% route), 8 logic levels.


Error:  The following path violates requirements by 4.568ns

 Logical Details:  Cell type  Pin type       Cell name  (clock net +/-)

   Source:         FD1S3IX    CK             count_24__i8  (from clk +)
   Destination:    FD1S3AX    D              led_15  (to clk +)

   Delay:                   9.435ns  (34.2% logic, 65.8% route), 8 logic levels.

 Constraint Details:

      9.435ns data_path count_24__i8 to led_15 violates
      5.000ns delay constraint less
      0.133ns L_S requirement (totaling 4.867ns) by 4.568ns

 Path Details: count_24__i8 to led_15

   Name    Fanout   Delay (ns)          Pins               Resource(Cell.Net)
L_CO        ---     0.367             CK to Q              count_24__i8 (from clk)
Route         2   e 0.838                                  count[8]
LUT4        ---     0.408              A to Z              i3_3_lut
Route         1   e 0.660                                  n8
LUT4        ---     0.408              C to Z              i1_4_lut
Route         1   e 0.660                                  n6
LUT4        ---     0.408              D to Z              i4_4_lut_adj_1
Route         1   e 0.660                                  n209
LUT4        ---     0.408              A to Z              i88_4_lut
Route         1   e 0.660                                  n187
LUT4        ---     0.408              A to Z              i4_4_lut
Route         1   e 0.660                                  n10
LUT4        ---     0.408              D to Z              i94_4_lut
Route        26   e 1.414                                  n162
LUT4        ---     0.408              B to Z              i1_2_lut
Route         1   e 0.660                                  led_N_52
                  --------
                    9.435  (34.2% logic, 65.8% route), 8 logic levels.

Warning: 9.568 ns is the maximum delay for this constraint.


Timing Report Summary
--------------
--------------------------------------------------------------------------------
Constraint                              |   Constraint|       Actual|Levels
--------------------------------------------------------------------------------
                                        |             |             |
create_clock -period 5.000000 -name     |             |             |
clk0 [get_nets clk]                     |     5.000 ns|     9.568 ns|     8 *
                                        |             |             |
--------------------------------------------------------------------------------


1 constraints not met.

--------------------------------------------------------------------------------
Critical Nets                           |   Loads|  Errors| % of total
--------------------------------------------------------------------------------
n162                                    |      26|     317|     99.00%
                                        |        |        |
n10                                     |       1|     315|     99.37%
                                        |        |        |
n187                                    |       1|     312|     98.42%
                                        |        |        |
n209                                    |       1|     234|     73.82%
                                        |        |        |
n6                                      |       1|     156|     49.21%
                                        |        |        |
n8                                      |       1|      78|     24.61%
                                        |        |        |
--------------------------------------------------------------------------------


Timing summary:
---------------

Timing errors: 317  Score: 606472

Constraints cover  832 paths, 72 nets, and 141 connections (98.6% coverage)


Peak memory: 92360704 bytes, TRCE: 2191360 bytes, DLYMAN: 0 bytes
CPU_TIME_REPORT: 0 secs 
