
          Lattice Mapping Report File for Design Module 'i2c_slave'


Design Information
------------------

Command line:   map -a MachXO2 -p LCMXO2-256HC -t QFN32 -s 6 -oc Commercial
     EncCount_ec_impl.ngd -o EncCount_ec_impl_map.ncd -pr EncCount_ec_impl.prf
     -mp EncCount_ec_impl.mrp -lpf C:/Users/Joseph
     Martin/EncCount/ec_impl/EncCount_ec_impl.lpf -lpf C:/Users/Joseph
     Martin/EncCount/EncCount.lpf -c 0 -gui -msgset C:/Users/Joseph
     Martin/EncCount/promote.xml 
Target Vendor:  LATTICE
Target Device:  LCMXO2-256HCQFN32
Target Performance:   6
Mapper:  xo2c00,  version:  Diamond (64-bit) 3.5.0.102
Mapped on:  11/02/15  14:44:44

Design Summary
--------------

   Number of registers:     82 out of   322 (25%)
      PFU registers:           82 out of   256 (32%)
      PIO registers:            0 out of    66 (0%)
   Number of SLICEs:        73 out of   128 (57%)
      SLICEs as Logic/ROM:     73 out of   128 (57%)
      SLICEs as RAM:            0 out of    96 (0%)
      SLICEs as Carry:         19 out of   128 (15%)
   Number of LUT4s:        145 out of   256 (57%)
      Number of logic LUTs:      107
      Number of distributed RAM:   0 (0 LUT4s)
      Number of ripple logic:     19 (38 LUT4s)
      Number of shift registers:   0
   Number of PIO sites used: 8 + 4(JTAG) out of 22 (55%)
   Number of block RAMs:  0 out of 0
   Number of GSRs:  0 out of 1 (0%)
   EFB used :       No
   JTAG used :      No
   Readback used :  No
   Oscillator used :  Yes
   Startup used :   No
   POR :            On
   Bandgap :        On
   Number of Power Controller:  0 out of 1 (0%)
   Number of Dynamic Bank Controller (BCINRD):  0 out of 4 (0%)
   Number of DCCA:  0 out of 8 (0%)
   Number of DCMA:  0 out of 2 (0%)
   Notes:-
      1. Total number of LUT4s = (Number of logic LUT4s) + 2*(Number of
     distributed RAMs) + 2*(Number of ripple logic)
      2. Number of logic LUT4s does not include count of distributed RAM and
     ripple logic.
   Number of clocks:  1
     Net clk: 50 loads, 50 rising, 0 falling (Driver: osc )
   Number of Clock Enables:  9
     Net clk_enable_1: 1 loads, 1 LSLICEs
     Net clk_enable_8: 4 loads, 4 LSLICEs
     Net clk_enable_9: 1 loads, 1 LSLICEs
     Net dec1/B_filter/output_N_144: 1 loads, 1 LSLICEs
     Net dec1/A_filter/output_N_144: 1 loads, 1 LSLICEs
     Net scl_filter/output_N_144: 1 loads, 1 LSLICEs

                                    Page 1




Design:  i2c_slave                                     Date:  11/02/15  14:44:44

Design Summary (cont)
---------------------
     Net dec2/B_filter/output_N_144: 1 loads, 1 LSLICEs
     Net dec2/A_filter/output_N_144: 1 loads, 1 LSLICEs
     Net sda_filter/output_N_144: 1 loads, 1 LSLICEs
   Number of LSRs:  3
     Net state_2_N_1_2: 3 loads, 3 LSLICEs
     Net n785: 9 loads, 9 LSLICEs
     Net n1350: 2 loads, 2 LSLICEs
   Number of nets driven by tri-state buffers:  0
   Top 10 highest fanout non-clock nets:
     Net timeout_15: 26 loads
     Net n68: 25 loads
     Net n3752: 19 loads
     Net state_0: 13 loads
     Net state_1: 12 loads
     Net n3743: 11 loads
     Net n3748: 11 loads
     Net state_2: 11 loads
     Net n2899: 10 loads
     Net scl_x_c: 10 loads




   Number of warnings:  0
   Number of errors:    0
     

Design Errors/Warnings
----------------------

   No errors or warnings present.

IO (PIO) Attributes
-------------------

+---------------------+-----------+-----------+------------+
| IO Name             | Direction | Levelmode | IO         |
|                     |           |  IO_TYPE  | Register   |
+---------------------+-----------+-----------+------------+
| scl                 | INPUT     | LVCMOS33  |            |
+---------------------+-----------+-----------+------------+
| sda_x               | OUTPUT    | LVCMOS33  |            |
+---------------------+-----------+-----------+------------+
| scl_x               | OUTPUT    | LVCMOS33  |            |
+---------------------+-----------+-----------+------------+
| enc1a               | INPUT     | LVCMOS33  |            |
+---------------------+-----------+-----------+------------+
| sda                 | BIDIR     | LVCMOS33  |            |
+---------------------+-----------+-----------+------------+
| enc1b               | INPUT     | LVCMOS33  |            |
+---------------------+-----------+-----------+------------+
| enc2a               | INPUT     | LVCMOS33  |            |
+---------------------+-----------+-----------+------------+
| enc2b               | INPUT     | LVCMOS33  |            |
+---------------------+-----------+-----------+------------+


                                    Page 2




Design:  i2c_slave                                     Date:  11/02/15  14:44:44

Removed logic
-------------

Block i2 undriven or does not drive anything - clipped.
Block GSR_INST undriven or does not drive anything - clipped.
Signal n3857 undriven or does not drive anything - clipped.
Signal VCC_net undriven or does not drive anything - clipped.
Signal dec2/c_i7_718_add_4_9/S1 undriven or does not drive anything - clipped.
Signal dec2/c_i7_718_add_4_9/CO undriven or does not drive anything - clipped.
Signal dec2/c_i7_718_add_4_1/S0 undriven or does not drive anything - clipped.
Signal dec2/c_i7_718_add_4_1/CI undriven or does not drive anything - clipped.
Signal dec1/c_i7_719_add_4_1/S0 undriven or does not drive anything - clipped.
Signal dec1/c_i7_719_add_4_1/CI undriven or does not drive anything - clipped.
Signal dec1/c_i7_719_add_4_9/S1 undriven or does not drive anything - clipped.
Signal dec1/c_i7_719_add_4_9/CO undriven or does not drive anything - clipped.
Signal timeout_715_add_4_1/S0 undriven or does not drive anything - clipped.
Signal timeout_715_add_4_1/CI undriven or does not drive anything - clipped.
Signal timeout_715_add_4_17/S1 undriven or does not drive anything - clipped.
Signal timeout_715_add_4_17/CO undriven or does not drive anything - clipped.
Block m0_lut was optimized away.

Memory Usage
------------


     

OSC Summary
-----------

OSC 1:                                     Pin/Node Value
  OSC Instance Name:                                osc
  OSC Type:                                         OSCH
  STDBY Input:                                      NONE
  OSC Output:                              NODE     clk
  OSC Nominal Frequency (MHz):                      10.23

ASIC Components
---------------

Instance Name: osc
         Type: OSCH

Run Time and Memory Usage
-------------------------

   Total CPU Time: 0 secs  
   Total REAL Time: 0 secs  
   Peak Memory Usage: 30 MB
        









                                    Page 3


Copyright (c) 1991-1994 by NeoCAD Inc. All rights reserved.
     Copyright (c) 1995 AT&T Corp.   All rights reserved.
     Copyright (c) 1995-2001 Lucent Technologies Inc.  All rights reserved.
     Copyright (c) 2001 Agere Systems   All rights reserved.
     Copyright (c) 2002-2015 Lattice Semiconductor Corporation,  All rights
     reserved.
