# Design Explorer: Shortcut to "C:\Users\Joseph Martin\EncCount\Sim\Sim.aws" design added.
designverincludedir -clear
designverlibrarysim -PL -clear
designverlibrarysim -L -clear
designverlibrarysim -PL pmi_work
designverlibrarysim ovi_machxo2
designverdefinemacro -clear
addfile {C:/Users/Joseph Martin/EncCount/blink.vhd}
# Adding file C:\Users\Joseph Martin\EncCount\blink.vhd ... Done
addfile {C:/Users/Joseph Martin/EncCount/i2c.vhd}
# Adding file C:\Users\Joseph Martin\EncCount\i2c.vhd ... Done
addfile {C:/Users/Joseph Martin/EncCount/decoder.vhd}
# Adding file C:\Users\Joseph Martin\EncCount\decoder.vhd ... Done
vlib {C:/Users/Joseph Martin/EncCount/Sim/work}
# Adding library O.K.
adel -all
# Library contents cleared.
vcom -dbg -work work {C:/Users/Joseph Martin/EncCount/blink.vhd}
# Compile...
# File: C:\Users\Joseph Martin\EncCount\blink.vhd
# Compile Entity "blink"
# Compile Architecture "behavior" of Entity "blink"
# Warning: ELAB1_0026: blink.vhd : (21, 0): There is no default binding for component "OSCH". (No entity named "OSCH" was found).
# Compile success 0 Errors 1 Warnings  Analysis time :  94.0 [ms]
vcom -dbg -work work {C:/Users/Joseph Martin/EncCount/i2c.vhd}
# Compile...
# File: C:\Users\Joseph Martin\EncCount\i2c.vhd
# Compile Entity "i2c_slave"
# Compile Architecture "arch" of Entity "i2c_slave"
# Error: COMP96_0015: i2c.vhd : (61, 27): ';' expected.
# Error: COMP96_0019: i2c.vhd : (64, 7): Keyword 'end' expected.
# Error: COMP96_0019: i2c.vhd : (68, 10): Keyword 'case' expected.
# Error: COMP96_0036: i2c.vhd : (68, 12): Boolean expression expected.
# Error: COMP96_0019: i2c.vhd : (69, 5): Keyword 'end' expected.
# Error: COMP96_0019: i2c.vhd : (78, 5): Keyword 'end' expected.
# Error: COMP96_0019: i2c.vhd : (91, 9): Keyword 'process' expected.
# Error: COMP96_0019: i2c.vhd : (92, 4): Keyword 'end' expected.
# Error: COMP96_0016: i2c.vhd : (92, 10): Design unit declaration expected.
# Compile failure 9 Errors 0 Warnings  Analysis time :  0.0 [ms]
vcom -dbg -work work {C:/Users/Joseph Martin/EncCount/decoder.vhd}
# Compile...
# File: C:\Users\Joseph Martin\EncCount\decoder.vhd
# Compile Entity "decoder"
# Compile Architecture "arch" of Entity "decoder"
# Error: COMP96_0316: decoder.vhd : (14, 8): Case expression must be of a locally static subtype.
# Compile failure 1 Errors 0 Warnings  Analysis time :  16.0 [ms]
entity blink
# ELBREAD: Elaboration process.
# ELBREAD: Warning: Entity ovi_machxo2.OSCH was compiled after architecture work.blink(behavior) that instantiates it and bound at simulation initialization. Recompiling the source files in the correct order will allow compile time binding and reduce simulation initialization time.
# ELBREAD: Elaboration time 0.2 [s].
vsim +access +r blink -PL pmi_work -L ovi_machxo2
# ELBREAD: Elaboration process.
# ELBREAD: Warning: Entity ovi_machxo2.OSCH was compiled after architecture work.blink(behavior) that instantiates it and bound at simulation initialization. Recompiling the source files in the correct order will allow compile time binding and reduce simulation initialization time.
# ELBREAD: Elaboration time 0.2 [s].
# vsim: Stack memory: 32MB
# vsim: Retval memory: 32MB
# 
# KERNEL: Main thread initiated.
# KERNEL: Kernel process initialization phase.
# KERNEL: Time resolution set to 1ps.
# ELAB2: Elaboration final pass...
# ELAB2: Create instances ...
# ELAB2: Create instances complete.
# SLP: Started
# SLP: Elaboration phase ...
# SLP: Elaboration phase ... done : 0.0 [s]
# SLP: Generation phase ...
# SLP: Generation phase ... done : 0.4 [s]
# SLP: Finished : 0.4 [s]
# SLP: 3 (42.86%) primitives and 2 (28.57%) other processes in SLP
# SLP: 4 (57.14%) signals in SLP and 3 (42.86%) interface signals
# ELAB2: Elaboration final pass complete - time: 0.5 [s].
# KERNEL: SLP loading done - time: 0.0 [s].
# KERNEL: Warning: You are using the Active-HDL Lattice Edition. The performance of simulation is running at a reduced rate.
# KERNEL: Warning: Contact Aldec for available upgrade options - sales@aldec.com.
# KERNEL: SLP simulation initialization done - time: 0.0 [s].
# KERNEL: Kernel process initialization done.
# Allocation: Simulator allocated 5824 kB (elbread=1023 elab2=4650 kernel=150 sdf=0)
# KERNEL: ASDB file was created in location C:\Users\Joseph Martin\EncCount\Sim\src\wave.asdb
#  1:35 PM, Thursday, October 29, 2015
#  Simulation has been initialized
#  Selected Top-Level: blink (behavior)
add wave *
# 4 signal(s) traced.
run 1000ns
# Waveform file 'untitled.awc' connected to 'C:/Users/Joseph Martin/EncCount/Sim/src/wave.asdb'.
# KERNEL: stopped at time: 1 us
#  Simulation has been stopped
